/root/edk2/Build/OvmfX64/RELEASE_GCC5/X64/MdePkg/Library/BaseMemoryLibRepStr/BaseMemoryLibRepStr/OUTPUT/BaseMemoryLibRepStr.lib
/root/edk2/Build/OvmfX64/RELEASE_GCC5/X64/MdePkg/Library/BaseLib/BaseLib/OUTPUT/BaseLib.lib
/root/edk2/Build/OvmfX64/RELEASE_GCC5/X64/MdePkg/Library/DxePcdLib/DxePcdLib/OUTPUT/DxePcdLib.lib
/root/edk2/Build/OvmfX64/RELEASE_GCC5/X64/MdePkg/Library/BaseDebugPrintErrorLevelLib/BaseDebugPrintErrorLevelLib/OUTPUT/BaseDebugPrintErrorLevelLib.lib
/root/edk2/Build/OvmfX64/RELEASE_GCC5/X64/MdePkg/Library/BasePrintLib/BasePrintLib/OUTPUT/BasePrintLib.lib
/root/edk2/Build/OvmfX64/RELEASE_GCC5/X64/MdePkg/Library/BaseIoLibIntrinsic/BaseIoLibIntrinsicSev/OUTPUT/BaseIoLibIntrinsicSev.lib
/root/edk2/Build/OvmfX64/RELEASE_GCC5/X64/OvmfPkg/Library/PlatformDebugLibIoPort/PlatformDebugLibIoPort/OUTPUT/PlatformDebugLibIoPort.lib
/root/edk2/Build/OvmfX64/RELEASE_GCC5/X64/MdePkg/Library/UefiBootServicesTableLib/UefiBootServicesTableLib/OUTPUT/UefiBootServicesTableLib.lib
/root/edk2/Build/OvmfX64/RELEASE_GCC5/X64/MdePkg/Library/SmmServicesTableLib/SmmServicesTableLib/OUTPUT/SmmServicesTableLib.lib
/root/edk2/Build/OvmfX64/RELEASE_GCC5/X64/MdePkg/Library/BasePciExpressLib/BasePciExpressLib/OUTPUT/BasePciExpressLib.lib
/root/edk2/Build/OvmfX64/RELEASE_GCC5/X64/MdePkg/Library/BasePciCf8Lib/BasePciCf8Lib/OUTPUT/BasePciCf8Lib.lib
/root/edk2/Build/OvmfX64/RELEASE_GCC5/X64/MdePkg/Library/SmmMemoryAllocationLib/SmmMemoryAllocationLib/OUTPUT/SmmMemoryAllocationLib.lib
/root/edk2/Build/OvmfX64/RELEASE_GCC5/X64/OvmfPkg/Library/DxePciLibI440FxQ35/DxePciLibI440FxQ35/OUTPUT/DxePciLibI440FxQ35.lib
/root/edk2/Build/OvmfX64/RELEASE_GCC5/X64/MdePkg/Library/UefiDevicePathLibDevicePathProtocol/UefiDevicePathLibDevicePathProtocol/OUTPUT/UefiDevicePathLibDevicePathProtocol.lib
/root/edk2/Build/OvmfX64/RELEASE_GCC5/X64/MdePkg/Library/UefiRuntimeServicesTableLib/UefiRuntimeServicesTableLib/OUTPUT/UefiRuntimeServicesTableLib.lib
/root/edk2/Build/OvmfX64/RELEASE_GCC5/X64/OvmfPkg/Library/AcpiTimerLib/DxeAcpiTimerLib/OUTPUT/DxeAcpiTimerLib.lib
/root/edk2/Build/OvmfX64/RELEASE_GCC5/X64/MdePkg/Library/BaseCpuLib/BaseCpuLib/OUTPUT/BaseCpuLib.lib
/root/edk2/Build/OvmfX64/RELEASE_GCC5/X64/MdePkg/Library/UefiLib/UefiLib/OUTPUT/UefiLib.lib
/root/edk2/Build/OvmfX64/RELEASE_GCC5/X64/PcAtChipsetPkg/Library/SerialIoLib/SerialIoLib/OUTPUT/PcAtSerialPortLib.lib
/root/edk2/Build/OvmfX64/RELEASE_GCC5/X64/MdePkg/Library/BasePeCoffGetEntryPointLib/BasePeCoffGetEntryPointLib/OUTPUT/BasePeCoffGetEntryPointLib.lib
/root/edk2/Build/OvmfX64/RELEASE_GCC5/X64/UefiCpuPkg/Library/BaseXApicX2ApicLib/BaseXApicX2ApicLib/OUTPUT/BaseXApicX2ApicLib.lib
/root/edk2/Build/OvmfX64/RELEASE_GCC5/X64/MdePkg/Library/BaseSynchronizationLib/BaseSynchronizationLib/OUTPUT/BaseSynchronizationLib.lib
/root/edk2/Build/OvmfX64/RELEASE_GCC5/X64/MdePkg/Library/UefiDriverEntryPoint/UefiDriverEntryPoint/OUTPUT/UefiDriverEntryPoint.lib
/root/edk2/Build/OvmfX64/RELEASE_GCC5/X64/MdePkg/Library/BaseCacheMaintenanceLib/BaseCacheMaintenanceLib/OUTPUT/BaseCacheMaintenanceLib.lib
/root/edk2/Build/OvmfX64/RELEASE_GCC5/X64/UefiCpuPkg/Library/MtrrLib/MtrrLib/OUTPUT/MtrrLib.lib
/root/edk2/Build/OvmfX64/RELEASE_GCC5/X64/MdeModulePkg/Library/DebugAgentLibNull/DebugAgentLibNull/OUTPUT/DebugAgentLibNull.lib
/root/edk2/Build/OvmfX64/RELEASE_GCC5/X64/MdePkg/Library/DxeHobLib/DxeHobLib/OUTPUT/DxeHobLib.lib
/root/edk2/Build/OvmfX64/RELEASE_GCC5/X64/UefiCpuPkg/Library/BaseUefiCpuLib/BaseUefiCpuLib/OUTPUT/BaseUefiCpuLib.lib
/root/edk2/Build/OvmfX64/RELEASE_GCC5/X64/UefiCpuPkg/Library/SmmCpuPlatformHookLibNull/SmmCpuPlatformHookLibNull/OUTPUT/SmmCpuPlatformHookLibNull.lib
/root/edk2/Build/OvmfX64/RELEASE_GCC5/X64/UefiCpuPkg/Library/CpuExceptionHandlerLib/SmmCpuExceptionHandlerLib/OUTPUT/SmmCpuExceptionHandlerLib.lib
/root/edk2/Build/OvmfX64/RELEASE_GCC5/X64/MdePkg/Library/DxeServicesTableLib/DxeServicesTableLib/OUTPUT/DxeServicesTableLib.lib
/root/edk2/Build/OvmfX64/RELEASE_GCC5/X64/MdeModulePkg/Library/DxeReportStatusCodeLib/DxeReportStatusCodeLib/OUTPUT/DxeReportStatusCodeLib.lib
/root/edk2/Build/OvmfX64/RELEASE_GCC5/X64/OvmfPkg/Library/SmmCpuFeaturesLib/SmmCpuFeaturesLib/OUTPUT/SmmCpuFeaturesLib.lib
/root/edk2/Build/OvmfX64/RELEASE_GCC5/X64/UefiCpuPkg/PiSmmCpuDxeSmm/PiSmmCpuDxeSmm/OUTPUT/PiSmmCpuDxeSmm.lib