/root/edk2/Build/OvmfX64/RELEASE_GCC5/X64/MdePkg/Library/DxePcdLib/DxePcdLib/OUTPUT/DxePcdLib.lib
/root/edk2/Build/OvmfX64/RELEASE_GCC5/X64/MdePkg/Library/BaseMemoryLibRepStr/BaseMemoryLibRepStr/OUTPUT/BaseMemoryLibRepStr.lib
/root/edk2/Build/OvmfX64/RELEASE_GCC5/X64/MdePkg/Library/BaseLib/BaseLib/OUTPUT/BaseLib.lib
/root/edk2/Build/OvmfX64/RELEASE_GCC5/X64/MdePkg/Library/BaseDebugPrintErrorLevelLib/BaseDebugPrintErrorLevelLib/OUTPUT/BaseDebugPrintErrorLevelLib.lib
/root/edk2/Build/OvmfX64/RELEASE_GCC5/X64/MdePkg/Library/BasePrintLib/BasePrintLib/OUTPUT/BasePrintLib.lib
/root/edk2/Build/OvmfX64/RELEASE_GCC5/X64/MdePkg/Library/BaseIoLibIntrinsic/BaseIoLibIntrinsicSev/OUTPUT/BaseIoLibIntrinsicSev.lib
/root/edk2/Build/OvmfX64/RELEASE_GCC5/X64/OvmfPkg/Library/PlatformDebugLibIoPort/PlatformDebugLibIoPort/OUTPUT/PlatformDebugLibIoPort.lib
/root/edk2/Build/OvmfX64/RELEASE_GCC5/X64/MdePkg/Library/UefiBootServicesTableLib/UefiBootServicesTableLib/OUTPUT/UefiBootServicesTableLib.lib
/root/edk2/Build/OvmfX64/RELEASE_GCC5/X64/MdeModulePkg/Library/PiSmmCoreMemoryAllocationLib/PiSmmCoreMemoryAllocationLib/OUTPUT/PiSmmCoreMemoryAllocationLib.lib
/root/edk2/Build/OvmfX64/RELEASE_GCC5/X64/MdePkg/Library/UefiRuntimeServicesTableLib/UefiRuntimeServicesTableLib/OUTPUT/UefiRuntimeServicesTableLib.lib
/root/edk2/Build/OvmfX64/RELEASE_GCC5/X64/MdePkg/Library/UefiDevicePathLibDevicePathProtocol/UefiDevicePathLibDevicePathProtocol/OUTPUT/UefiDevicePathLibDevicePathProtocol.lib
/root/edk2/Build/OvmfX64/RELEASE_GCC5/X64/MdePkg/Library/BasePciExpressLib/BasePciExpressLib/OUTPUT/BasePciExpressLib.lib
/root/edk2/Build/OvmfX64/RELEASE_GCC5/X64/MdePkg/Library/BasePciCf8Lib/BasePciCf8Lib/OUTPUT/BasePciCf8Lib.lib
/root/edk2/Build/OvmfX64/RELEASE_GCC5/X64/MdePkg/Library/UefiLib/UefiLib/OUTPUT/UefiLib.lib
/root/edk2/Build/OvmfX64/RELEASE_GCC5/X64/MdePkg/Library/BasePeCoffExtraActionLibNull/BasePeCoffExtraActionLibNull/OUTPUT/PeCoffExtraActionLibNull.lib
/root/edk2/Build/OvmfX64/RELEASE_GCC5/X64/OvmfPkg/Library/DxePciLibI440FxQ35/DxePciLibI440FxQ35/OUTPUT/DxePciLibI440FxQ35.lib
/root/edk2/Build/OvmfX64/RELEASE_GCC5/X64/MdeModulePkg/Library/PiSmmCoreSmmServicesTableLib/PiSmmCoreSmmServicesTableLib/OUTPUT/PiSmmCoreSmmServicesTableLib.lib
/root/edk2/Build/OvmfX64/RELEASE_GCC5/X64/MdePkg/Library/DxeHobLib/DxeHobLib/OUTPUT/DxeHobLib.lib
/root/edk2/Build/OvmfX64/RELEASE_GCC5/X64/MdePkg/Library/UefiDriverEntryPoint/UefiDriverEntryPoint/OUTPUT/UefiDriverEntryPoint.lib
/root/edk2/Build/OvmfX64/RELEASE_GCC5/X64/MdePkg/Library/BasePeCoffLib/BasePeCoffLib/OUTPUT/BasePeCoffLib.lib
/root/edk2/Build/OvmfX64/RELEASE_GCC5/X64/MdePkg/Library/BasePeCoffGetEntryPointLib/BasePeCoffGetEntryPointLib/OUTPUT/BasePeCoffGetEntryPointLib.lib
/root/edk2/Build/OvmfX64/RELEASE_GCC5/X64/MdePkg/Library/BaseCacheMaintenanceLib/BaseCacheMaintenanceLib/OUTPUT/BaseCacheMaintenanceLib.lib
/root/edk2/Build/OvmfX64/RELEASE_GCC5/X64/MdeModulePkg/Library/DxeReportStatusCodeLib/DxeReportStatusCodeLib/OUTPUT/DxeReportStatusCodeLib.lib
/root/edk2/Build/OvmfX64/RELEASE_GCC5/X64/MdeModulePkg/Library/SmmCorePlatformHookLibNull/SmmCorePlatformHookLibNull/OUTPUT/SmmCorePlatformHookLibNull.lib
/root/edk2/Build/OvmfX64/RELEASE_GCC5/X64/MdePkg/Library/BasePerformanceLibNull/BasePerformanceLibNull/OUTPUT/BasePerformanceLibNull.lib
/root/edk2/Build/OvmfX64/RELEASE_GCC5/X64/OvmfPkg/Library/AcpiTimerLib/DxeAcpiTimerLib/OUTPUT/DxeAcpiTimerLib.lib
/root/edk2/Build/OvmfX64/RELEASE_GCC5/X64/MdePkg/Library/SmmMemLib/SmmMemLib/OUTPUT/SmmMemLib.lib
/root/edk2/Build/OvmfX64/RELEASE_GCC5/X64/MdePkg/Library/DxeServicesLib/DxeServicesLib/OUTPUT/DxeServicesLib.lib
/root/edk2/Build/OvmfX64/RELEASE_GCC5/X64/MdeModulePkg/Core/PiSmmCore/PiSmmCore/OUTPUT/PiSmmCore.lib